<?xml version="1.0" encoding="UTF-8"?>
<!-- Generated by org.testng.reporters.JUnitReportReporter -->
<testsuite skipped="0" hostname="home" name="com.selenium.naukri.NaukriResumeUpdate.AppTest" tests="1" failures="0" timestamp="07 Oct 2017 01:26:25 GMT" time="6.146" errors="0">
  <testcase name="AppTestt" time="6.146" classname="com.selenium.naukri.NaukriResumeUpdate.AppTest"/>
</testsuite> <!-- com.selenium.naukri.NaukriResumeUpdate.AppTest -->
