<?xml version="1.0" encoding="UTF-8"?>
<!-- Generated by org.testng.reporters.JUnitReportReporter -->
<testsuite skipped="0" hostname="home" name="com.selenium.naukri.NaukriResumeUpdate.LoginPage" tests="1" failures="0" timestamp="10 Oct 2017 10:05:39 GMT" time="6.022" errors="0">
  <testcase name="naukriLogin" time="6.022" classname="com.selenium.naukri.NaukriResumeUpdate.LoginPage"/>
</testsuite> <!-- com.selenium.naukri.NaukriResumeUpdate.LoginPage -->
