<?xml version="1.0" encoding="UTF-8"?>
<!-- Generated by org.testng.reporters.JUnitReportReporter -->
<testsuite skipped="0" hostname="home" name="com.selenium.naukri.NaukriResumeUpdate.LoginPage" tests="2" failures="0" timestamp="13 Oct 2017 13:31:10 GMT" time="17.312" errors="0">
  <testcase name="naukriLogin" time="5.973" classname="com.selenium.naukri.NaukriResumeUpdate.LoginPage"/>
  <testcase name="deleteUploadResume" time="11.339" classname="com.selenium.naukri.NaukriResumeUpdate.LoginPage"/>
</testsuite> <!-- com.selenium.naukri.NaukriResumeUpdate.LoginPage -->
